<?xml version="1.0" encoding="UTF-8"?>
<!-- Generated by org.testng.reporters.JUnitXMLReporter -->
<testsuite ignored="1" hostname="ZERO_BOOK_13" failures="0" tests="6" name="Test" time="0.085" errors="0" timestamp="2025-01-02T16:57:39 IST">
  <testcase classname="Test.SkippingTestNG" name="c" time="0.016">
    <skipped/>
  </testcase> <!-- c -->
  <testcase classname="Test.TestNG" name="a" time="0.001"/>
  <testcase classname="Test.PriorotyTestNG" name="a" time="0.001"/>
  <testcase classname="Test.PriorotyTestNG" name="b" time="0.001"/>
  <testcase classname="Test.PriorotyTestNG" name="d" time="0.002"/>
  <testcase classname="Test.PriorotyTestNG" name="c" time="0.001"/>
  <testcase classname="Test.SkippingTestNG" name="b" time="0.0">
    <ignored/>
  </testcase> <!-- b -->
</testsuite> <!-- Test -->
